<?xml version="1.0" encoding="UTF-8"?>
<!-- Generated by org.testng.reporters.JUnitReportReporter -->
<testsuite hostname="users-MacBook-Pro-2.local" name="com.sav.ra.test.bid.TestBidOnRideExotic" tests="31" failures="0" timestamp="8 Jan 2014 22:08:00 GMT" time="451.825" errors="0">
  <testcase name="testBidOnRideExoticPositive" time="14.675" classname="com.sav.ra.test.bid.TestBidOnRideExotic"/>
  <testcase name="testBidOnRideExoticPositive" time="15.824" classname="com.sav.ra.test.bid.TestBidOnRideExotic"/>
  <testcase name="testBidOnRideExoticPositive" time="14.000" classname="com.sav.ra.test.bid.TestBidOnRideExotic"/>
  <testcase name="testBidOnRideExoticPositive" time="14.652" classname="com.sav.ra.test.bid.TestBidOnRideExotic"/>
  <testcase name="testBidOnRideExoticNegative" time="13.703" classname="com.sav.ra.test.bid.TestBidOnRideExotic"/>
  <testcase name="testBidOnRideExoticNegative" time="14.478" classname="com.sav.ra.test.bid.TestBidOnRideExotic"/>
  <testcase name="testBidOnRideExoticNegative" time="12.191" classname="com.sav.ra.test.bid.TestBidOnRideExotic"/>
  <testcase name="testBidOnRideExoticPositive" time="16.345" classname="com.sav.ra.test.bid.TestBidOnRideExotic"/>
  <testcase name="testBidOnRideExoticNegative" time="9.394" classname="com.sav.ra.test.bid.TestBidOnRideExotic"/>
  <testcase name="testBidOnRideExoticPositive" time="27.083" classname="com.sav.ra.test.bid.TestBidOnRideExotic"/>
  <testcase name="testBidOnRideExoticPositive" time="15.097" classname="com.sav.ra.test.bid.TestBidOnRideExotic"/>
  <testcase name="testBidOnRideExoticPositive" time="15.944" classname="com.sav.ra.test.bid.TestBidOnRideExotic"/>
  <testcase name="testBidOnRideExoticPositive" time="12.903" classname="com.sav.ra.test.bid.TestBidOnRideExotic"/>
  <testcase name="testBidOnRideExoticPositive" time="15.725" classname="com.sav.ra.test.bid.TestBidOnRideExotic"/>
  <testcase name="testBidOnRideExoticPositive" time="15.603" classname="com.sav.ra.test.bid.TestBidOnRideExotic"/>
  <testcase name="testBidOnRideExoticPositive" time="13.759" classname="com.sav.ra.test.bid.TestBidOnRideExotic"/>
  <testcase name="testBidOnRideExoticPositive" time="13.842" classname="com.sav.ra.test.bid.TestBidOnRideExotic"/>
  <testcase name="testBidOnRideExoticPositive" time="15.439" classname="com.sav.ra.test.bid.TestBidOnRideExotic"/>
  <testcase name="testBidOnRideExoticPositive" time="15.998" classname="com.sav.ra.test.bid.TestBidOnRideExotic"/>
  <testcase name="testBidOnRideExoticPositive" time="14.662" classname="com.sav.ra.test.bid.TestBidOnRideExotic"/>
  <testcase name="testBidOnRideExoticPositive" time="13.130" classname="com.sav.ra.test.bid.TestBidOnRideExotic"/>
  <testcase name="testBidOnRideExoticPositive" time="14.987" classname="com.sav.ra.test.bid.TestBidOnRideExotic"/>
  <testcase name="testBidOnRideExoticNegative" time="10.764" classname="com.sav.ra.test.bid.TestBidOnRideExotic"/>
  <testcase name="testBidOnRideExoticPositive" time="14.464" classname="com.sav.ra.test.bid.TestBidOnRideExotic"/>
  <testcase name="testBidOnRideExoticPositive" time="16.683" classname="com.sav.ra.test.bid.TestBidOnRideExotic"/>
  <testcase name="testBidOnRideExoticNegative" time="12.577" classname="com.sav.ra.test.bid.TestBidOnRideExotic"/>
  <testcase name="testBidOnRideExoticPositive" time="14.561" classname="com.sav.ra.test.bid.TestBidOnRideExotic"/>
  <testcase name="testBidOnRideExoticPositive" time="12.704" classname="com.sav.ra.test.bid.TestBidOnRideExotic"/>
  <testcase name="testBidOnRideExoticNegative" time="12.261" classname="com.sav.ra.test.bid.TestBidOnRideExotic"/>
  <testcase name="testBidOnRideExoticPositive" time="14.003" classname="com.sav.ra.test.bid.TestBidOnRideExotic"/>
  <testcase name="testBidOnRideExoticPositive" time="14.374" classname="com.sav.ra.test.bid.TestBidOnRideExotic"/>
</testsuite> <!-- com.sav.ra.test.bid.TestBidOnRideExotic -->
