<?xml version="1.0" encoding="UTF-8"?>
<!-- Generated by org.testng.reporters.JUnitReportReporter -->
<testsuite hostname="users-MacBook-Pro-2.local" name="demowebdriveradvance.TestDemoAlertAndJavaScript" tests="1" failures="0" timestamp="8 Jan 2014 22:08:00 GMT" time="37.466" errors="0">
  <testcase name="testRegistrationPage1" time="37.466" classname="demowebdriveradvance.TestDemoAlertAndJavaScript"/>
</testsuite> <!-- demowebdriveradvance.TestDemoAlertAndJavaScript -->
