<?xml version="1.0" encoding="UTF-8"?>
<!-- Generated by org.testng.reporters.JUnitReportReporter -->
<testsuite hostname="users-MacBook-Pro-2.local" name="com.sav.ra.test.registration.TestRegistration" tests="1" failures="0" timestamp="8 Jan 2014 22:08:00 GMT" time="9.751" errors="0">
  <testcase name="testRegistration" time="9.751" classname="com.sav.ra.test.registration.TestRegistration"/>
</testsuite> <!-- com.sav.ra.test.registration.TestRegistration -->
