<?xml version="1.0" encoding="UTF-8"?>
<!-- Generated by org.testng.reporters.JUnitReportReporter -->
<testsuite hostname="users-MacBook-Pro-2.local" name="com.sav.ra.test.contactus.TestContactUsLinkAndPage" tests="1" failures="0" timestamp="8 Jan 2014 22:08:00 GMT" time="5.985" errors="0">
  <testcase name="testContactUsLinkAndPage" time="5.985" classname="com.sav.ra.test.contactus.TestContactUsLinkAndPage"/>
</testsuite> <!-- com.sav.ra.test.contactus.TestContactUsLinkAndPage -->
