<?xml version="1.0" encoding="UTF-8"?>
<!-- Generated by org.testng.reporters.JUnitReportReporter -->
<testsuite hostname="users-MacBook-Pro-2.local" name="com.sav.ra.test.registration.TestRegistrationPageDataDriven" tests="2" failures="0" timestamp="8 Jan 2014 22:08:00 GMT" time="16.649" errors="0">
  <testcase name="testRegistration" time="7.792" classname="com.sav.ra.test.registration.TestRegistrationPageDataDriven"/>
  <testcase name="testRegistration" time="8.857" classname="com.sav.ra.test.registration.TestRegistrationPageDataDriven"/>
</testsuite> <!-- com.sav.ra.test.registration.TestRegistrationPageDataDriven -->
