<?xml version="1.0" encoding="UTF-8"?>
<!-- Generated by org.testng.reporters.JUnitReportReporter -->
<testsuite hostname="users-MacBook-Pro-2.local" name="com.sav.ra.test.racouponadapter.TestAddMoreCoupon" tests="21" failures="0" timestamp="8 Jan 2014 22:08:00 GMT" time="0.534" errors="0">
  <testcase name="testAddCouponQuantityNegative" time="0.196" classname="com.sav.ra.test.racouponadapter.TestAddMoreCoupon"/>
  <testcase name="testAddCouponQuantityNegative" time="0.011" classname="com.sav.ra.test.racouponadapter.TestAddMoreCoupon"/>
  <testcase name="testAddCouponQuantityNegative" time="0.014" classname="com.sav.ra.test.racouponadapter.TestAddMoreCoupon"/>
  <testcase name="testAddCouponQuantityPsitive" time="0.025" classname="com.sav.ra.test.racouponadapter.TestAddMoreCoupon"/>
  <testcase name="testAddCouponQuantityPsitive" time="0.015" classname="com.sav.ra.test.racouponadapter.TestAddMoreCoupon"/>
  <testcase name="testAddCouponQuantityPsitive" time="0.018" classname="com.sav.ra.test.racouponadapter.TestAddMoreCoupon"/>
  <testcase name="testAddCouponQuantityNegative" time="0.010" classname="com.sav.ra.test.racouponadapter.TestAddMoreCoupon"/>
  <testcase name="testAddCouponQuantityNegative" time="0.009" classname="com.sav.ra.test.racouponadapter.TestAddMoreCoupon"/>
  <testcase name="testAddCouponQuantityNegative" time="0.009" classname="com.sav.ra.test.racouponadapter.TestAddMoreCoupon"/>
  <testcase name="testAddCouponQuantityPsitive" time="0.021" classname="com.sav.ra.test.racouponadapter.TestAddMoreCoupon"/>
  <testcase name="testAddCouponQuantityNegative" time="0.012" classname="com.sav.ra.test.racouponadapter.TestAddMoreCoupon"/>
  <testcase name="testAddCouponQuantityPsitive" time="0.016" classname="com.sav.ra.test.racouponadapter.TestAddMoreCoupon"/>
  <testcase name="testAddCouponQuantityPsitive" time="0.041" classname="com.sav.ra.test.racouponadapter.TestAddMoreCoupon"/>
  <testcase name="testAddCouponQuantityNegative" time="0.009" classname="com.sav.ra.test.racouponadapter.TestAddMoreCoupon"/>
  <testcase name="testAddCouponQuantityPsitive" time="0.030" classname="com.sav.ra.test.racouponadapter.TestAddMoreCoupon"/>
  <testcase name="testAddCouponQuantityNegative" time="0.009" classname="com.sav.ra.test.racouponadapter.TestAddMoreCoupon"/>
  <testcase name="testAddCouponQuantityNegative" time="0.010" classname="com.sav.ra.test.racouponadapter.TestAddMoreCoupon"/>
  <testcase name="testAddCouponQuantityPsitive" time="0.025" classname="com.sav.ra.test.racouponadapter.TestAddMoreCoupon"/>
  <testcase name="testAddCouponQuantityPsitive" time="0.014" classname="com.sav.ra.test.racouponadapter.TestAddMoreCoupon"/>
  <testcase name="testAddCouponQuantityNegative" time="0.013" classname="com.sav.ra.test.racouponadapter.TestAddMoreCoupon"/>
  <testcase name="testAddCouponQuantityPsitive" time="0.027" classname="com.sav.ra.test.racouponadapter.TestAddMoreCoupon"/>
</testsuite> <!-- com.sav.ra.test.racouponadapter.TestAddMoreCoupon -->
