<?xml version="1.0" encoding="UTF-8"?>
<!-- Generated by org.testng.reporters.JUnitReportReporter -->
<testsuite hostname="users-MacBook-Pro-2.local" name="com.sav.ra.AppTest" tests="1" failures="0" timestamp="8 Jan 2014 22:08:01 GMT" time="0.001" errors="0">
  <testcase name="testApp" time="0.001" classname="com.sav.ra.AppTest"/>
</testsuite> <!-- com.sav.ra.AppTest -->
